15:55:10.296 [main] INFO  factory.BaseClass - User passes values from excel.. 
15:55:11.844 [main] INFO  factory.BaseClass - User clicks submit button.. 
15:55:28.159 [main] INFO  factory.BaseClass - User checks page is visible ?.. 
15:56:14.571 [main] INFO  factory.BaseClass - User passes values from excel.. 
15:56:15.980 [main] INFO  factory.BaseClass - User clicks submit button.. 
15:56:32.197 [main] INFO  factory.BaseClass - User checks page is visible ?.. 
11:35:54.410 [main] INFO  TestCase.TC_001 - started logs
13:41:35.872 [main] INFO  TestCase.TC_001 - started logs
22:22:07.451 [main] INFO  TestCase.TC_001 - started logs
22:38:08.126 [main] INFO  factory.BaseClass - User clicks on living storage header.. 
22:38:28.475 [main] INFO  factory.BaseClass - User clicks on living storage header.. 
22:38:32.489 [main] INFO  factory.BaseClass - User extracts all items under living storage.. 
22:44:08.679 [main] INFO  factory.BaseClass - User clicks on living storage header.. 
22:44:35.118 [main] INFO  factory.BaseClass - User clicks on living storage header.. 
22:44:38.290 [main] INFO  factory.BaseClass - User extracts all items under living storage.. 
23:12:33.255 [main] INFO  factory.BaseClass - User clicks on living storage header.. 
23:13:08.928 [main] INFO  factory.BaseClass - User clicks on living storage header.. 
23:13:12.877 [main] INFO  factory.BaseClass - User extracts all items under living storage.. 
14:51:36.100 [main] INFO  factory.BaseClass - the user is in Bookshelves page... 
14:51:36.257 [main] INFO  factory.BaseClass - the user enters the invalid input as search {string}... 
14:51:54.453 [main] INFO  factory.BaseClass - the user is in Bookshelves page... 
14:51:54.606 [main] INFO  factory.BaseClass - the user enters the input as search {string}... 
14:52:11.159 [main] INFO  factory.BaseClass - the user is in Bookshelves page... 
14:52:11.446 [main] INFO  factory.BaseClass - the user enters the input as search {string}... 
14:52:14.144 [main] INFO  factory.BaseClass - user close the authentication popup... 
14:52:32.314 [main] INFO  factory.BaseClass - the user is in Bookshelves page... 
14:52:32.465 [main] INFO  factory.BaseClass - the user enters the input as search {string}... 
14:52:36.298 [main] INFO  factory.BaseClass - user close the authentication popup... 
14:52:54.562 [main] INFO  factory.BaseClass - the user is in Bookshelves page... 
14:52:54.798 [main] INFO  factory.BaseClass - the user enters the input as search {string}... 
14:52:58.547 [main] INFO  factory.BaseClass - user close the authentication popup... 
14:53:12.707 [main] INFO  factory.BaseClass - the user scrolls up to Header... 
14:53:24.258 [main] INFO  factory.BaseClass - User clicks on living storage header... 
14:53:27.473 [main] INFO  factory.BaseClass - the user scrolls up to Header... 
14:53:44.491 [main] INFO  factory.BaseClass - the user clicks on table section... 
14:53:44.714 [main] INFO  factory.BaseClass - the user scrolls up to Header... 
14:53:55.864 [main] INFO  factory.BaseClass - the user scrolls up to Header... 
14:53:55.999 [main] INFO  factory.BaseClass - User clicks on living storage header... 
14:53:59.264 [main] INFO  factory.BaseClass - User extracts all items under living storage... 
14:54:08.908 [main] INFO  factory.BaseClass - the user successfully navigating to the Giftcard page... 
14:54:20.523 [main] INFO  factory.BaseClass - the user successfully navigating to the Giftcard page... 
14:54:34.065 [main] INFO  factory.BaseClass - the user successfully navigating to the Giftcard page... 
14:54:48.355 [main] INFO  factory.BaseClass - the user successfully navigating to the Giftcard page... 
14:55:01.943 [main] INFO  factory.BaseClass - the user successfully navigating to the Giftcard page... 
14:55:16.359 [main] INFO  factory.BaseClass - the user successfully navigating to the Giftcard page... 
14:55:34.613 [main] INFO  factory.BaseClass - the user successfully navigating to the Giftcard page... 
14:55:51.263 [main] INFO  factory.BaseClass - the user successfully navigating to the Giftcard page... 
14:56:09.029 [main] INFO  factory.BaseClass - the user successfully navigating to the Giftcard page... 
14:56:40.424 [main] INFO  factory.BaseClass - Hover mouse to living... 
14:56:43.799 [main] INFO  factory.BaseClass - sub menus should be appeared and print it... 
15:04:35.692 [main] INFO  factory.BaseClass - the user is in Bookshelves page... 
15:04:35.937 [main] INFO  factory.BaseClass - the user enters the invalid input as search {string}... 
15:04:53.091 [main] INFO  factory.BaseClass - the user is in Bookshelves page... 
15:04:53.429 [main] INFO  factory.BaseClass - the user enters the input as search {string}... 
15:05:05.709 [main] INFO  factory.BaseClass - the user is in Bookshelves page... 
15:05:05.874 [main] INFO  factory.BaseClass - the user enters the input as search {string}... 
15:05:08.874 [main] INFO  factory.BaseClass - user close the authentication popup... 
